<?xml version="1.0" encoding="UTF-8"?>
<!-- Generated by org.testng.reporters.JUnitReportReporter -->
<testsuite hostname="DESKTOP-QRB56CU" name="testCases.RegisterPageTest" tests="2" failures="0" timestamp="18 Sep 2024 15:42:29 GMT" time="11.773" errors="0">
  <testcase name="verifyRegisterWihAllFields" time="5.875" classname="testCases.RegisterPageTest"/>
  <testcase name="verifyRgisterWithMandatoryFields" time="5.898" classname="testCases.RegisterPageTest"/>
</testsuite> <!-- testCases.RegisterPageTest -->
