<?xml version="1.0" encoding="UTF-8"?>
<!-- Generated by org.testng.reporters.JUnitReportReporter -->
<testsuite hostname="DESKTOP-QRB56CU" name="testCases.LoginPageTest" tests="4" failures="0" timestamp="18 Sep 2024 16:11:14 GMT" time="21.828" errors="0">
  <testcase name="verifyLoginWithvalidIdAndInvalidPassword" time="4.686" classname="testCases.LoginPageTest"/>
  <testcase name="verifyLoginWithInvalidIdAndInvalidPassword" time="4.911" classname="testCases.LoginPageTest"/>
  <testcase name="verifyLoginWithValidCredentials" time="5.523" classname="testCases.LoginPageTest"/>
  <testcase name="verifyLoginWithInvalidIdAndvalidPassword" time="6.708" classname="testCases.LoginPageTest"/>
</testsuite> <!-- testCases.LoginPageTest -->
