<?xml version="1.0" encoding="UTF-8"?>
<!-- Generated by org.testng.reporters.JUnitReportReporter -->
<testsuite hostname="DESKTOP-QRB56CU" name="testCases.Code_Validation" tests="1" failures="0" timestamp="5 Jul 2024 23:14:52 GMT" time="9.726" errors="0">
  <testcase name="testOnlineBank" time="9.726" classname="testCases.Code_Validation"/>
</testsuite> <!-- testCases.Code_Validation -->
