<?xml version="1.0" encoding="UTF-8"?>
<!-- Generated by org.testng.reporters.JUnitReportReporter -->
<testsuite hostname="DESKTOP-QRB56CU" name="testCases.AddressbookPageTest" tests="2" failures="0" timestamp="18 Sep 2024 15:42:29 GMT" time="38.278" errors="0">
  <testcase name="addANewAddress" time="19.873" classname="testCases.AddressbookPageTest"/>
  <testcase name="addNewAddress" time="18.405" classname="testCases.AddressbookPageTest"/>
</testsuite> <!-- testCases.AddressbookPageTest -->
