<?xml version="1.0" encoding="UTF-8"?>
<!-- Generated by org.testng.reporters.JUnitReportReporter -->
<testsuite skipped="0" hostname="DESKTOP-QRB56CU" name="testCases.Code_Validation" tests="1" failures="0" timestamp="2024-07-09T16:31:01 EDT" time="11.460" errors="0">
  <testcase name="testOnlineBank" time="11.460" classname="testCases.Code_Validation"/>
  <system-out/>
</testsuite> <!-- testCases.Code_Validation -->
