<?xml version="1.0" encoding="UTF-8"?>
<!-- Generated by org.testng.reporters.JUnitReportReporter -->
<testsuite skipped="0" hostname="DESKTOP-QRB56CU" name="testCases.RegisterPageTest" tests="2" failures="0" timestamp="2024-09-18T11:53:41 EDT" time="11.680" errors="0">
  <testcase name="verifyRegisterWihAllFields" time="5.834" classname="testCases.RegisterPageTest"/>
  <system-out/>
  <testcase name="verifyRgisterWithMandatoryFields" time="5.846" classname="testCases.RegisterPageTest"/>
  <system-out/>
</testsuite> <!-- testCases.RegisterPageTest -->
