<?xml version="1.0" encoding="UTF-8"?>
<!-- Generated by org.testng.reporters.JUnitReportReporter -->
<testsuite skipped="0" hostname="DESKTOP-QRB56CU" name="testCases.LoginPageTest" tests="4" failures="0" timestamp="2024-09-18T12:13:10 EDT" time="23.254" errors="0">
  <testcase name="verifyLoginWithvalidIdAndInvalidPassword" time="4.894" classname="testCases.LoginPageTest"/>
  <system-out/>
  <testcase name="verifyLoginWithInvalidIdAndInvalidPassword" time="4.695" classname="testCases.LoginPageTest"/>
  <system-out/>
  <testcase name="verifyLoginWithInvalidIdAndvalidPassword" time="6.969" classname="testCases.LoginPageTest"/>
  <system-out/>
  <testcase name="verifyLoginWithValidCredentials" time="6.696" classname="testCases.LoginPageTest"/>
  <system-out/>
</testsuite> <!-- testCases.LoginPageTest -->
